# JRE version: OpenJDK Runtime Environment (8.0_152-b01) (build 1.8.0_152-release-1248-b01)
# Java VM: OpenJDK 64-Bit Server VM (25.152-b01 mixed mode windows-amd64 compressed oops)
Heap:
 PSYoungGen      total 491520K, used 141530K [0x00000000e0000000, 0x00000000ffe00000, 0x0000000100000000)
  eden space 461312K, 29% used [0x00000000e0000000,0x00000000e8373e98,0x00000000fc280000)
  from space 30208K, 22% used [0x00000000fc280000,0x00000000fc942b10,0x00000000fe000000)
  to   space 29184K, 0% used [0x00000000fe180000,0x00000000fe180000,0x00000000ffe00000)
 ParOldGen       total 279040K, used 59478K [0x00000000a0000000, 0x00000000b1080000, 0x00000000e0000000)
  object space 279040K, 21% used [0x00000000a0000000,0x00000000a3a15800,0x00000000b1080000)
 Metaspace       used 101334K, capacity 107636K, committed 107800K, reserved 1142784K
  class space    used 12662K, capacity 13731K, committed 13872K, reserved 1048576K
GC Heap History (10 events):
Event: 9743.283 GC heap before
{Heap before GC invocations=35 (full 4):
 PSYoungGen      total 486912K, used 459506K [0x00000000e0000000, 0x00000000ffe00000, 0x0000000100000000)
  eden space 452096K, 100% used [0x00000000e0000000,0x00000000fb980000,0x00000000fb980000)
  from space 34816K, 21% used [0x00000000fdb00000,0x00000000fe23c818,0x00000000ffd00000)
  to   space 34304K, 0% used [0x00000000fb980000,0x00000000fb980000,0x00000000fdb00000)
 ParOldGen       total 279040K, used 59438K [0x00000000a0000000, 0x00000000b1080000, 0x00000000e0000000)
  object space 279040K, 21% used [0x00000000a0000000,0x00000000a3a0b800,0x00000000b1080000)
 Metaspace       used 99477K, capacity 104184K, committed 104472K, reserved 1140736K
  class space    used 12413K, capacity 13275K, committed 13360K, reserved 1048576K
Event: 9743.291 GC heap after
Heap after GC invocations=35 (full 4):
 PSYoungGen      total 486400K, used 13551K [0x00000000e0000000, 0x00000000ffb80000, 0x0000000100000000)
  eden space 452096K, 0% used [0x00000000e0000000,0x00000000e0000000,0x00000000fb980000)
  from space 34304K, 39% used [0x00000000fb980000,0x00000000fc6bbff0,0x00000000fdb00000)
  to   space 32256K, 0% used [0x00000000fdc00000,0x00000000fdc00000,0x00000000ffb80000)
 ParOldGen       total 279040K, used 59446K [0x00000000a0000000, 0x00000000b1080000, 0x00000000e0000000)
  object space 279040K, 21% used [0x00000000a0000000,0x00000000a3a0d800,0x00000000b1080000)
 Metaspace       used 99477K, capacity 104184K, committed 104472K, reserved 1140736K
  class space    used 12413K, capacity 13275K, committed 13360K, reserved 1048576K
}
Event: 9967.195 GC heap before
{Heap before GC invocations=36 (full 4):
 PSYoungGen      total 486400K, used 465647K [0x00000000e0000000, 0x00000000ffb80000, 0x0000000100000000)
  eden space 452096K, 100% used [0x00000000e0000000,0x00000000fb980000,0x00000000fb980000)
  from space 34304K, 39% used [0x00000000fb980000,0x00000000fc6bbff0,0x00000000fdb00000)
  to   space 32256K, 0% used [0x00000000fdc00000,0x00000000fdc00000,0x00000000ffb80000)
 ParOldGen       total 279040K, used 59446K [0x00000000a0000000, 0x00000000b1080000, 0x00000000e0000000)
  object space 279040K, 21% used [0x00000000a0000000,0x00000000a3a0d800,0x00000000b1080000)
 Metaspace       used 100202K, capacity 105810K, committed 106008K, reserved 1142784K
  class space    used 12542K, capacity 13514K, committed 13616K, reserved 1048576K
Event: 9967.200 GC heap after
Heap after GC invocations=36 (full 4):
 PSYoungGen      total 487936K, used 6858K [0x00000000e0000000, 0x00000000ffd00000, 0x0000000100000000)
  eden space 455680K, 0% used [0x00000000e0000000,0x00000000e0000000,0x00000000fbd00000)
  from space 32256K, 21% used [0x00000000fdc00000,0x00000000fe2b2b00,0x00000000ffb80000)
  to   space 31744K, 0% used [0x00000000fbd00000,0x00000000fbd00000,0x00000000fdc00000)
 ParOldGen       total 279040K, used 59454K [0x00000000a0000000, 0x00000000b1080000, 0x00000000e0000000)
  object space 279040K, 21% used [0x00000000a0000000,0x00000000a3a0f800,0x00000000b1080000)
 Metaspace       used 100202K, capacity 105810K, committed 106008K, reserved 1142784K
  class space    used 12542K, capacity 13514K, committed 13616K, reserved 1048576K
}
Event: 10133.898 GC heap before
{Heap before GC invocations=37 (full 4):
 PSYoungGen      total 487936K, used 462538K [0x00000000e0000000, 0x00000000ffd00000, 0x0000000100000000)
  eden space 455680K, 100% used [0x00000000e0000000,0x00000000fbd00000,0x00000000fbd00000)
  from space 32256K, 21% used [0x00000000fdc00000,0x00000000fe2b2b00,0x00000000ffb80000)
  to   space 31744K, 0% used [0x00000000fbd00000,0x00000000fbd00000,0x00000000fdc00000)
 ParOldGen       total 279040K, used 59454K [0x00000000a0000000, 0x00000000b1080000, 0x00000000e0000000)
  object space 279040K, 21% used [0x00000000a0000000,0x00000000a3a0f800,0x00000000b1080000)
 Metaspace       used 100526K, capacity 106298K, committed 106520K, reserved 1142784K
  class space    used 12576K, capacity 13574K, committed 13616K, reserved 1048576K
Event: 10133.903 GC heap after
Heap after GC invocations=37 (full 4):
 PSYoungGen      total 487424K, used 5247K [0x00000000e0000000, 0x00000000ffe80000, 0x0000000100000000)
  eden space 455680K, 0% used [0x00000000e0000000,0x00000000e0000000,0x00000000fbd00000)
  from space 31744K, 16% used [0x00000000fbd00000,0x00000000fc21fff0,0x00000000fdc00000)
  to   space 31232K, 0% used [0x00000000fe000000,0x00000000fe000000,0x00000000ffe80000)
 ParOldGen       total 279040K, used 59462K [0x00000000a0000000, 0x00000000b1080000, 0x00000000e0000000)
  object space 279040K, 21% used [0x00000000a0000000,0x00000000a3a11800,0x00000000b1080000)
 Metaspace       used 100526K, capacity 106298K, committed 106520K, reserved 1142784K
  class space    used 12576K, capacity 13574K, committed 13616K, reserved 1048576K
}
Event: 10182.377 GC heap before
{Heap before GC invocations=38 (full 4):
 PSYoungGen      total 487424K, used 460927K [0x00000000e0000000, 0x00000000ffe80000, 0x0000000100000000)
  eden space 455680K, 100% used [0x00000000e0000000,0x00000000fbd00000,0x00000000fbd00000)
  from space 31744K, 16% used [0x00000000fbd00000,0x00000000fc21fff0,0x00000000fdc00000)
  to   space 31232K, 0% used [0x00000000fe000000,0x00000000fe000000,0x00000000ffe80000)
 ParOldGen       total 279040K, used 59462K [0x00000000a0000000, 0x00000000b1080000, 0x00000000e0000000)
  object space 279040K, 21% used [0x00000000a0000000,0x00000000a3a11800,0x00000000b1080000)
 Metaspace       used 100906K, capacity 106988K, committed 107160K, reserved 1142784K
  class space    used 12621K, capacity 13657K, committed 13744K, reserved 1048576K
Event: 10182.385 GC heap after
Heap after GC invocations=38 (full 4):
 PSYoungGen      total 491520K, used 9018K [0x00000000e0000000, 0x00000000ffd80000, 0x0000000100000000)
  eden space 461312K, 0% used [0x00000000e0000000,0x00000000e0000000,0x00000000fc280000)
  from space 30208K, 29% used [0x00000000fe000000,0x00000000fe8ceb50,0x00000000ffd80000)
  to   space 30208K, 0% used [0x00000000fc280000,0x00000000fc280000,0x00000000fe000000)
 ParOldGen       total 279040K, used 59470K [0x00000000a0000000, 0x00000000b1080000, 0x00000000e0000000)
  object space 279040K, 21% used [0x00000000a0000000,0x00000000a3a13800,0x00000000b1080000)
 Metaspace       used 100906K, capacity 106988K, committed 107160K, reserved 1142784K
  class space    used 12621K, capacity 13657K, committed 13744K, reserved 1048576K
}
Event: 10662.006 GC heap before
{Heap before GC invocations=39 (full 4):
 PSYoungGen      total 491520K, used 470330K [0x00000000e0000000, 0x00000000ffd80000, 0x0000000100000000)
  eden space 461312K, 100% used [0x00000000e0000000,0x00000000fc280000,0x00000000fc280000)
  from space 30208K, 29% used [0x00000000fe000000,0x00000000fe8ceb50,0x00000000ffd80000)
  to   space 30208K, 0% used [0x00000000fc280000,0x00000000fc280000,0x00000000fe000000)
 ParOldGen       total 279040K, used 59470K [0x00000000a0000000, 0x00000000b1080000, 0x00000000e0000000)
  object space 279040K, 21% used [0x00000000a0000000,0x00000000a3a13800,0x00000000b1080000)
 Metaspace       used 101270K, capacity 107636K, committed 107800K, reserved 1142784K
  class space    used 12661K, capacity 13731K, committed 13872K, reserved 1048576K
Event: 10662.013 GC heap after
Heap after GC invocations=39 (full 4):
 PSYoungGen      total 491520K, used 6922K [0x00000000e0000000, 0x00000000ffe00000, 0x0000000100000000)
  eden space 461312K, 0% used [0x00000000e0000000,0x00000000e0000000,0x00000000fc280000)
  from space 30208K, 22% used [0x00000000fc280000,0x00000000fc942b10,0x00000000fe000000)
  to   space 29184K, 0% used [0x00000000fe180000,0x00000000fe180000,0x00000000ffe00000)
 ParOldGen       total 279040K, used 59478K [0x00000000a0000000, 0x00000000b1080000, 0x00000000e0000000)
  object space 279040K, 21% used [0x00000000a0000000,0x00000000a3a15800,0x00000000b1080000)
 Metaspace       used 101270K, capacity 107636K, committed 107800K, reserved 1142784K
  class space    used 12661K, capacity 13731K, committed 13872K, reserved 1048576K
}

